<?xml version="1.0" encoding="UTF-8"?>
<testng-results ignored="0" total="9" passed="9" failed="0" skipped="0">
  <reporter-output>
  </reporter-output>
  <suite started-at="2025-02-15T11:11:03 GMT" name="vendor-portal" finished-at="2025-02-15T11:11:28 GMT" duration-ms="25076">
    <groups>
    </groups>
    <test started-at="2025-02-15T11:11:03 GMT" name="user-mike" finished-at="2025-02-15T11:11:12 GMT" duration-ms="8961">
      <class name="com.bhashwardeep.tests.vendorportal.VendorPortalTest">
        <test-method is-config="true" signature="setDriver(org.testng.ITestContext)[pri:0, instance:com.bhashwardeep.tests.vendorportal.VendorPortalTest@75d2da2d]" started-at="2025-02-15T11:11:03 GMT" name="setDriver" finished-at="2025-02-15T11:11:05 GMT" duration-ms="2773" status="PASS">
          <params>
            <param index="0">
              <value>
                <![CDATA[org.testng.TestRunner@3fed2870]]>
              </value>
            </param>
          </params>
          <reporter-output>
          </reporter-output>
        </test-method> <!-- setDriver -->
        <test-method is-config="true" signature="setPageObjects(java.lang.String)[pri:0, instance:com.bhashwardeep.tests.vendorportal.VendorPortalTest@75d2da2d]" started-at="2025-02-15T11:11:05 GMT" name="setPageObjects" finished-at="2025-02-15T11:11:06 GMT" depends-on-methods="com.bhashwardeep.tests.AbstractTest.setDriver" duration-ms="377" status="PASS">
          <params>
            <param index="0">
              <value>
                <![CDATA[test-data/vendorPortal/mike.json]]>
              </value>
            </param>
          </params>
          <reporter-output>
          </reporter-output>
        </test-method> <!-- setPageObjects -->
        <test-method signature="loginTest()[pri:0, instance:com.bhashwardeep.tests.vendorportal.VendorPortalTest@75d2da2d]" started-at="2025-02-15T11:11:06 GMT" name="loginTest" finished-at="2025-02-15T11:11:08 GMT" duration-ms="2304" status="PASS">
          <reporter-output>
          </reporter-output>
        </test-method> <!-- loginTest -->
        <test-method signature="dashboardTest()[pri:0, instance:com.bhashwardeep.tests.vendorportal.VendorPortalTest@75d2da2d]" started-at="2025-02-15T11:11:08 GMT" name="dashboardTest" finished-at="2025-02-15T11:11:10 GMT" depends-on-methods="com.bhashwardeep.tests.vendorportal.VendorPortalTest.loginTest" duration-ms="1764" status="PASS">
          <reporter-output>
          </reporter-output>
        </test-method> <!-- dashboardTest -->
        <test-method signature="logoutTest()[pri:0, instance:com.bhashwardeep.tests.vendorportal.VendorPortalTest@75d2da2d]" started-at="2025-02-15T11:11:10 GMT" name="logoutTest" finished-at="2025-02-15T11:11:11 GMT" depends-on-methods="com.bhashwardeep.tests.vendorportal.VendorPortalTest.dashboardTest" duration-ms="1530" status="PASS">
          <reporter-output>
          </reporter-output>
        </test-method> <!-- logoutTest -->
        <test-method is-config="true" signature="quitDriver()[pri:0, instance:com.bhashwardeep.tests.vendorportal.VendorPortalTest@75d2da2d]" started-at="2025-02-15T11:11:11 GMT" name="quitDriver" finished-at="2025-02-15T11:11:12 GMT" duration-ms="167" status="PASS">
          <reporter-output>
          </reporter-output>
        </test-method> <!-- quitDriver -->
      </class> <!-- com.bhashwardeep.tests.vendorportal.VendorPortalTest -->
    </test> <!-- user-mike -->
    <test started-at="2025-02-15T11:11:03 GMT" name="user-sam" finished-at="2025-02-15T11:11:23 GMT" duration-ms="20124">
      <class name="com.bhashwardeep.tests.vendorportal.VendorPortalTest">
        <test-method is-config="true" signature="setDriver(org.testng.ITestContext)[pri:0, instance:com.bhashwardeep.tests.vendorportal.VendorPortalTest@1d483de4]" started-at="2025-02-15T11:11:03 GMT" name="setDriver" finished-at="2025-02-15T11:11:12 GMT" duration-ms="9870" status="PASS">
          <params>
            <param index="0">
              <value>
                <![CDATA[org.testng.TestRunner@54e7df6a]]>
              </value>
            </param>
          </params>
          <reporter-output>
          </reporter-output>
        </test-method> <!-- setDriver -->
        <test-method is-config="true" signature="setPageObjects(java.lang.String)[pri:0, instance:com.bhashwardeep.tests.vendorportal.VendorPortalTest@1d483de4]" started-at="2025-02-15T11:11:12 GMT" name="setPageObjects" finished-at="2025-02-15T11:11:12 GMT" depends-on-methods="com.bhashwardeep.tests.AbstractTest.setDriver" duration-ms="7" status="PASS">
          <params>
            <param index="0">
              <value>
                <![CDATA[test-data/vendorPortal/sam.json]]>
              </value>
            </param>
          </params>
          <reporter-output>
          </reporter-output>
        </test-method> <!-- setPageObjects -->
        <test-method signature="loginTest()[pri:0, instance:com.bhashwardeep.tests.vendorportal.VendorPortalTest@1d483de4]" started-at="2025-02-15T11:11:12 GMT" name="loginTest" finished-at="2025-02-15T11:11:14 GMT" duration-ms="1724" status="PASS">
          <reporter-output>
          </reporter-output>
        </test-method> <!-- loginTest -->
        <test-method signature="dashboardTest()[pri:0, instance:com.bhashwardeep.tests.vendorportal.VendorPortalTest@1d483de4]" started-at="2025-02-15T11:11:14 GMT" name="dashboardTest" finished-at="2025-02-15T11:11:21 GMT" depends-on-methods="com.bhashwardeep.tests.vendorportal.VendorPortalTest.loginTest" duration-ms="6690" status="PASS">
          <reporter-output>
          </reporter-output>
        </test-method> <!-- dashboardTest -->
        <test-method signature="logoutTest()[pri:0, instance:com.bhashwardeep.tests.vendorportal.VendorPortalTest@1d483de4]" started-at="2025-02-15T11:11:21 GMT" name="logoutTest" finished-at="2025-02-15T11:11:23 GMT" depends-on-methods="com.bhashwardeep.tests.vendorportal.VendorPortalTest.dashboardTest" duration-ms="1714" status="PASS">
          <reporter-output>
          </reporter-output>
        </test-method> <!-- logoutTest -->
        <test-method is-config="true" signature="quitDriver()[pri:0, instance:com.bhashwardeep.tests.vendorportal.VendorPortalTest@1d483de4]" started-at="2025-02-15T11:11:23 GMT" name="quitDriver" finished-at="2025-02-15T11:11:23 GMT" duration-ms="109" status="PASS">
          <reporter-output>
          </reporter-output>
        </test-method> <!-- quitDriver -->
      </class> <!-- com.bhashwardeep.tests.vendorportal.VendorPortalTest -->
    </test> <!-- user-sam -->
    <test started-at="2025-02-15T11:11:03 GMT" name="user-john" finished-at="2025-02-15T11:11:28 GMT" duration-ms="25076">
      <class name="com.bhashwardeep.tests.vendorportal.VendorPortalTest">
        <test-method is-config="true" signature="setupConfig()[pri:0, instance:com.bhashwardeep.tests.vendorportal.VendorPortalTest@9573584]" started-at="2025-02-15T11:11:03 GMT" name="setupConfig" finished-at="2025-02-15T11:11:03 GMT" duration-ms="26" status="PASS">
          <reporter-output>
          </reporter-output>
        </test-method> <!-- setupConfig -->
        <test-method is-config="true" signature="setDriver(org.testng.ITestContext)[pri:0, instance:com.bhashwardeep.tests.vendorportal.VendorPortalTest@9573584]" started-at="2025-02-15T11:11:03 GMT" name="setDriver" finished-at="2025-02-15T11:11:23 GMT" duration-ms="20811" status="PASS">
          <params>
            <param index="0">
              <value>
                <![CDATA[org.testng.TestRunner@77128536]]>
              </value>
            </param>
          </params>
          <reporter-output>
          </reporter-output>
        </test-method> <!-- setDriver -->
        <test-method is-config="true" signature="setPageObjects(java.lang.String)[pri:0, instance:com.bhashwardeep.tests.vendorportal.VendorPortalTest@9573584]" started-at="2025-02-15T11:11:23 GMT" name="setPageObjects" finished-at="2025-02-15T11:11:23 GMT" depends-on-methods="com.bhashwardeep.tests.AbstractTest.setDriver" duration-ms="4" status="PASS">
          <params>
            <param index="0">
              <value>
                <![CDATA[test-data/vendorPortal/john.json]]>
              </value>
            </param>
          </params>
          <reporter-output>
          </reporter-output>
        </test-method> <!-- setPageObjects -->
        <test-method signature="loginTest()[pri:0, instance:com.bhashwardeep.tests.vendorportal.VendorPortalTest@9573584]" started-at="2025-02-15T11:11:23 GMT" name="loginTest" finished-at="2025-02-15T11:11:25 GMT" duration-ms="1438" status="PASS">
          <reporter-output>
          </reporter-output>
        </test-method> <!-- loginTest -->
        <test-method signature="dashboardTest()[pri:0, instance:com.bhashwardeep.tests.vendorportal.VendorPortalTest@9573584]" started-at="2025-02-15T11:11:25 GMT" name="dashboardTest" finished-at="2025-02-15T11:11:26 GMT" depends-on-methods="com.bhashwardeep.tests.vendorportal.VendorPortalTest.loginTest" duration-ms="1308" status="PASS">
          <reporter-output>
          </reporter-output>
        </test-method> <!-- dashboardTest -->
        <test-method signature="logoutTest()[pri:0, instance:com.bhashwardeep.tests.vendorportal.VendorPortalTest@9573584]" started-at="2025-02-15T11:11:26 GMT" name="logoutTest" finished-at="2025-02-15T11:11:28 GMT" depends-on-methods="com.bhashwardeep.tests.vendorportal.VendorPortalTest.dashboardTest" duration-ms="1358" status="PASS">
          <reporter-output>
          </reporter-output>
        </test-method> <!-- logoutTest -->
        <test-method is-config="true" signature="quitDriver()[pri:0, instance:com.bhashwardeep.tests.vendorportal.VendorPortalTest@9573584]" started-at="2025-02-15T11:11:28 GMT" name="quitDriver" finished-at="2025-02-15T11:11:28 GMT" duration-ms="147" status="PASS">
          <reporter-output>
          </reporter-output>
        </test-method> <!-- quitDriver -->
      </class> <!-- com.bhashwardeep.tests.vendorportal.VendorPortalTest -->
    </test> <!-- user-john -->
  </suite> <!-- vendor-portal -->
</testng-results>
